<?xml version="1.0" encoding="UTF-8"?>
<testng-results ignored="0" total="1" passed="1" failed="0" skipped="0">
  <reporter-output>
  </reporter-output>
  <suite started-at="2021-12-20T13:53:42 EST" name="Default suite" finished-at="2021-12-20T13:53:55 EST" duration-ms="12676">
    <groups>
    </groups>
    <test started-at="2021-12-20T13:53:42 EST" name="Default test" finished-at="2021-12-20T13:53:55 EST" duration-ms="12676">
      <class name="k_automationpractice_project.K_Practice_Automation">
        <test-method is-config="true" signature="initialize()[pri:0, instance:k_automationpractice_project.K_Practice_Automation@a38c7fe]" started-at="2021-12-20T13:53:42 EST" name="initialize" finished-at="2021-12-20T13:53:53 EST" duration-ms="10349" status="PASS">
          <reporter-output>
          </reporter-output>
        </test-method> <!-- initialize -->
        <test-method signature="clickonSignInLink()[pri:0, instance:k_automationpractice_project.K_Practice_Automation@a38c7fe]" started-at="2021-12-20T13:53:53 EST" name="clickonSignInLink" finished-at="2021-12-20T13:53:55 EST" duration-ms="1975" status="PASS">
          <reporter-output>
          </reporter-output>
        </test-method> <!-- clickonSignInLink -->
        <test-method is-config="true" signature="tearDown()[pri:0, instance:k_automationpractice_project.K_Practice_Automation@a38c7fe]" started-at="2021-12-20T13:53:55 EST" name="tearDown" finished-at="2021-12-20T13:53:55 EST" duration-ms="1" status="PASS">
          <reporter-output>
          </reporter-output>
        </test-method> <!-- tearDown -->
      </class> <!-- k_automationpractice_project.K_Practice_Automation -->
    </test> <!-- Default test -->
  </suite> <!-- Default suite -->
</testng-results>
